  adler32.c
  compress.c
  crc32.c
  deflate.c
  Assembler code may have bugs -- use at your own risk
  gzclose.c
  gzlib.c
  gzread.c
c:\users\tygho0\desktop\zlib-1.2.11\gzread.c(319): warning C4267: '=': conversion from 'size_t' to 'unsigned int', possible loss of data
c:\users\tygho0\desktop\zlib-1.2.11\gzread.c(400): warning C4267: '=': conversion from 'size_t' to 'unsigned int', possible loss of data
c:\users\tygho0\desktop\zlib-1.2.11\gzread.c(472): warning C4267: '=': conversion from 'size_t' to 'int', possible loss of data
  gzwrite.c
c:\users\tygho0\desktop\zlib-1.2.11\gzwrite.c(212): warning C4267: '=': conversion from 'size_t' to 'unsigned int', possible loss of data
c:\users\tygho0\desktop\zlib-1.2.11\gzwrite.c(232): warning C4267: '=': conversion from 'size_t' to 'unsigned int', possible loss of data
c:\users\tygho0\desktop\zlib-1.2.11\gzwrite.c(371): warning C4267: '=': conversion from 'size_t' to 'int', possible loss of data
  infback.c
  inffas8664.c
  inffast.c
  Assembler code may have bugs -- use at your own risk
  inflate.c
  inftrees.c
  ioapi.c
  trees.c
  uncompr.c
  unzip.c
  zip.c
  zutil.c
  Generating Code...
  zlibstat.vcxproj -> C:\Users\tygho0\Desktop\zlib-1.2.11\contrib\vstudio\vc14\x64\ZlibStatRelease\zlibstat.lib
